{
  "stats": {
    "suites": 2,
    "tests": 5,
    "passes": 4,
    "pending": 0,
    "failures": 1,
    "start": "2025-11-18T13:46:32.385Z",
    "end": "2025-11-18T13:46:49.598Z",
    "duration": 17213,
    "testsRegistered": 5,
    "passPercent": 80,
    "pendingPercent": 0,
    "other": 0,
    "hasOther": false,
    "skipped": 0,
    "hasSkipped": false
  },
  "results": [
    {
      "uuid": "a07e5372-5298-4d93-b248-fdfa649ab27f",
      "title": "",
      "fullFile": "cypress\\e2e\\cart.cy.js",
      "file": "cypress\\e2e\\cart.cy.js",
      "beforeHooks": [],
      "afterHooks": [],
      "tests": [],
      "suites": [
        {
          "uuid": "d9389253-39b2-455f-b083-d3e9bd92be9d",
          "title": "Carrito de Compras",
          "fullFile": "",
          "file": "",
          "beforeHooks": [],
          "afterHooks": [],
          "tests": [
            {
              "title": "UI-09: Botón de carrito está visible",
              "fullTitle": "Carrito de Compras UI-09: Botón de carrito está visible",
              "timedOut": null,
              "duration": 2843,
              "state": "passed",
              "speed": "fast",
              "pass": true,
              "fail": false,
              "pending": false,
              "context": null,
              "code": "cy.get('[class*=\"cart\"], [aria-label*=\"cart\"], button').should('exist');",
              "err": {},
              "uuid": "4bb4919c-82b4-4da6-b3cb-ef9043b17269",
              "parentUUID": "d9389253-39b2-455f-b083-d3e9bd92be9d",
              "isHook": false,
              "skipped": false
            },
            {
              "title": "UI-10: Agregar producto muestra notificación",
              "fullTitle": "Carrito de Compras UI-10: Agregar producto muestra notificación",
              "timedOut": null,
              "duration": 12227,
              "state": "failed",
              "speed": null,
              "pass": false,
              "fail": true,
              "pending": false,
              "context": null,
              "code": "// Buscar botón de agregar al carrito\ncy.get('button').contains(/agregar|añadir|carrito/i).first().click();\n// Verificar que aparece alguna confirmación\ncy.get('[class*=\"toast\"], [class*=\"notification\"], [role=\"alert\"]', {\n  timeout: 5000\n}).should('exist');",
              "err": {
                "message": "AssertionError: Timed out retrying after 10000ms: Expected to find content: '/agregar|añadir|carrito/i' within the element: <button#headlessui-menu-button-:r5:.inline-flex.items-center.gap-2.text-sm.font-medium.text-gray-700.hover:text-gray-900> but never did.",
                "estack": "AssertionError: Timed out retrying after 10000ms: Expected to find content: '/agregar|añadir|carrito/i' within the element: <button#headlessui-menu-button-:r5:.inline-flex.items-center.gap-2.text-sm.font-medium.text-gray-700.hover:text-gray-900> but never did.\n    at Context.eval (webpack://frontend/./cypress/e2e/cart.cy.js:15:21)",
                "diff": null
              },
              "uuid": "0c02e73a-5671-4a79-b0d7-a2af1f820d2f",
              "parentUUID": "d9389253-39b2-455f-b083-d3e9bd92be9d",
              "isHook": false,
              "skipped": false
            }
          ],
          "suites": [],
          "passes": [
            "4bb4919c-82b4-4da6-b3cb-ef9043b17269"
          ],
          "failures": [
            "0c02e73a-5671-4a79-b0d7-a2af1f820d2f"
          ],
          "pending": [],
          "skipped": [],
          "duration": 15070,
          "root": false,
          "rootEmpty": false,
          "_timeout": 2000
        },
        {
          "uuid": "6afa6b5f-1a00-4653-ad98-32fb7f69b56a",
          "title": "Formulario de Contacto",
          "fullFile": "",
          "file": "",
          "beforeHooks": [],
          "afterHooks": [],
          "tests": [
            {
              "title": "UI-11: Formulario de contacto está presente",
              "fullTitle": "Formulario de Contacto UI-11: Formulario de contacto está presente",
              "timedOut": null,
              "duration": 474,
              "state": "passed",
              "speed": "fast",
              "pass": true,
              "fail": false,
              "pending": false,
              "context": null,
              "code": "cy.get('form').should('exist');\ncy.get('input[name=\"nombre\"], input[type=\"text\"]').should('exist');\ncy.get('input[type=\"email\"]').should('exist');\ncy.get('textarea, input[name=\"mensaje\"]').should('exist');",
              "err": {},
              "uuid": "0d2ac99e-e364-4480-8708-252602e30147",
              "parentUUID": "6afa6b5f-1a00-4653-ad98-32fb7f69b56a",
              "isHook": false,
              "skipped": false
            },
            {
              "title": "UI-12: Validación de campos requeridos",
              "fullTitle": "Formulario de Contacto UI-12: Validación de campos requeridos",
              "timedOut": null,
              "duration": 243,
              "state": "passed",
              "speed": "fast",
              "pass": true,
              "fail": false,
              "pending": false,
              "context": null,
              "code": "cy.get('button[type=\"submit\"]').click();\n// Debe mostrar error o no enviar\ncy.url().should('include', '/contacto');",
              "err": {},
              "uuid": "d7a3b60f-8732-43d4-b828-8210cacc0bae",
              "parentUUID": "6afa6b5f-1a00-4653-ad98-32fb7f69b56a",
              "isHook": false,
              "skipped": false
            },
            {
              "title": "UI-13: Formulario se puede completar",
              "fullTitle": "Formulario de Contacto UI-13: Formulario se puede completar",
              "timedOut": null,
              "duration": 1241,
              "state": "passed",
              "speed": "fast",
              "pass": true,
              "fail": false,
              "pending": false,
              "context": null,
              "code": "cy.get('input[name=\"nombre\"], input').first().type('Test Usuario');\ncy.get('input[type=\"email\"]').type('test@example.com');\ncy.get('textarea, input[name=\"mensaje\"]').type('Mensaje de prueba');\n// Verificar que los valores fueron ingresados\ncy.get('input[type=\"email\"]').should('have.value', 'test@example.com');",
              "err": {},
              "uuid": "17fb871c-3cd4-4bf0-9aa7-cbc0071c5dc4",
              "parentUUID": "6afa6b5f-1a00-4653-ad98-32fb7f69b56a",
              "isHook": false,
              "skipped": false
            }
          ],
          "suites": [],
          "passes": [
            "0d2ac99e-e364-4480-8708-252602e30147",
            "d7a3b60f-8732-43d4-b828-8210cacc0bae",
            "17fb871c-3cd4-4bf0-9aa7-cbc0071c5dc4"
          ],
          "failures": [],
          "pending": [],
          "skipped": [],
          "duration": 1958,
          "root": false,
          "rootEmpty": false,
          "_timeout": 2000
        }
      ],
      "passes": [],
      "failures": [],
      "pending": [],
      "skipped": [],
      "duration": 0,
      "root": true,
      "rootEmpty": true,
      "_timeout": 2000
    }
  ],
  "meta": {
    "mocha": {
      "version": "7.0.1"
    },
    "mochawesome": {
      "options": {
        "quiet": false,
        "reportFilename": "mochawesome",
        "saveHtml": true,
        "saveJson": true,
        "consoleReporter": "spec",
        "useInlineDiffs": false,
        "code": true
      },
      "version": "7.1.4"
    },
    "marge": {
      "options": {
        "reportDir": "cypress/reports",
        "overwrite": false,
        "html": true,
        "json": true,
        "charts": true,
        "reportPageTitle": "Reporte de Pruebas E2E - JiovaniGo",
        "embeddedScreenshots": true,
        "inlineAssets": true
      },
      "version": "6.3.2"
    }
  }
}