{
  "stats": {
    "suites": 2,
    "tests": 8,
    "passes": 7,
    "pending": 0,
    "failures": 1,
    "start": "2025-11-18T13:46:50.976Z",
    "end": "2025-11-18T13:47:04.204Z",
    "duration": 13228,
    "testsRegistered": 8,
    "passPercent": 87.5,
    "pendingPercent": 0,
    "other": 0,
    "hasOther": false,
    "skipped": 0,
    "hasSkipped": false
  },
  "results": [
    {
      "uuid": "517928eb-dcc5-42b6-8875-dd862d6bd76f",
      "title": "",
      "fullFile": "cypress\\e2e\\catalog.cy.js",
      "file": "cypress\\e2e\\catalog.cy.js",
      "beforeHooks": [],
      "afterHooks": [],
      "tests": [],
      "suites": [
        {
          "uuid": "31008d96-cf28-49c6-9714-c07cbbef0cd4",
          "title": "Catálogo de Productos",
          "fullFile": "",
          "file": "",
          "beforeHooks": [],
          "afterHooks": [],
          "tests": [
            {
              "title": "UI-01: Página de inicio carga correctamente",
              "fullTitle": "Catálogo de Productos UI-01: Página de inicio carga correctamente",
              "timedOut": null,
              "duration": 1221,
              "state": "passed",
              "speed": "fast",
              "pass": true,
              "fail": false,
              "pending": false,
              "context": null,
              "code": "cy.contains('Descubre la esencia del lujo').should('be.visible');\ncy.contains('Aromas para Dama').should('be.visible');\ncy.contains('Aromas para Varón').should('be.visible');",
              "err": {},
              "uuid": "534ab2d2-ecee-49c4-8a71-7ce7d0ca01ec",
              "parentUUID": "31008d96-cf28-49c6-9714-c07cbbef0cd4",
              "isHook": false,
              "skipped": false
            },
            {
              "title": "UI-02: Navegar a catálogo de dama",
              "fullTitle": "Catálogo de Productos UI-02: Navegar a catálogo de dama",
              "timedOut": null,
              "duration": 384,
              "state": "passed",
              "speed": "fast",
              "pass": true,
              "fail": false,
              "pending": false,
              "context": null,
              "code": "cy.contains('Aromas para Dama').click();\ncy.url().should('include', '/catalogo-dama');\ncy.get('h1, h2').should('contain.text', 'Dama');",
              "err": {},
              "uuid": "ac9b55b0-779f-4d55-a004-e71fcde8d094",
              "parentUUID": "31008d96-cf28-49c6-9714-c07cbbef0cd4",
              "isHook": false,
              "skipped": false
            },
            {
              "title": "UI-03: Navegar a catálogo de varón",
              "fullTitle": "Catálogo de Productos UI-03: Navegar a catálogo de varón",
              "timedOut": null,
              "duration": 277,
              "state": "passed",
              "speed": "fast",
              "pass": true,
              "fail": false,
              "pending": false,
              "context": null,
              "code": "cy.contains('Aromas para Varón').click();\ncy.url().should('include', '/catalogo-varon');",
              "err": {},
              "uuid": "5adf40f0-e9ee-4201-9f75-76baf554d055",
              "parentUUID": "31008d96-cf28-49c6-9714-c07cbbef0cd4",
              "isHook": false,
              "skipped": false
            },
            {
              "title": "UI-04: Productos se muestran en catálogo",
              "fullTitle": "Catálogo de Productos UI-04: Productos se muestran en catálogo",
              "timedOut": null,
              "duration": 10354,
              "state": "failed",
              "speed": null,
              "pass": false,
              "fail": true,
              "pending": false,
              "context": null,
              "code": "cy.visit('/catalogo-dama');\n// Esperar a que carguen los productos\ncy.get('[class*=\"card\"], [class*=\"product\"], [class*=\"perfume\"]', {\n  timeout: 10000\n}).should('have.length.greaterThan', 0);",
              "err": {
                "message": "AssertionError: Timed out retrying after 10000ms: Expected to find element: `[class*=\"card\"], [class*=\"product\"], [class*=\"perfume\"]`, but never found it.",
                "estack": "AssertionError: Timed out retrying after 10000ms: Expected to find element: `[class*=\"card\"], [class*=\"product\"], [class*=\"perfume\"]`, but never found it.\n    at Context.eval (webpack://frontend/./cypress/e2e/catalog.cy.js:27:7)",
                "diff": null
              },
              "uuid": "ceba0c31-3c4c-464a-af52-e63cd7c98f41",
              "parentUUID": "31008d96-cf28-49c6-9714-c07cbbef0cd4",
              "isHook": false,
              "skipped": false
            },
            {
              "title": "UI-05: Footer está presente",
              "fullTitle": "Catálogo de Productos UI-05: Footer está presente",
              "timedOut": null,
              "duration": 194,
              "state": "passed",
              "speed": "fast",
              "pass": true,
              "fail": false,
              "pending": false,
              "context": null,
              "code": "cy.get('footer').should('be.visible');\ncy.get('footer').should('contain.text', 'Jiovanni Go');",
              "err": {},
              "uuid": "2cf9faa0-2b69-4f4f-8ec1-12e7b0505243",
              "parentUUID": "31008d96-cf28-49c6-9714-c07cbbef0cd4",
              "isHook": false,
              "skipped": false
            }
          ],
          "suites": [],
          "passes": [
            "534ab2d2-ecee-49c4-8a71-7ce7d0ca01ec",
            "ac9b55b0-779f-4d55-a004-e71fcde8d094",
            "5adf40f0-e9ee-4201-9f75-76baf554d055",
            "2cf9faa0-2b69-4f4f-8ec1-12e7b0505243"
          ],
          "failures": [
            "ceba0c31-3c4c-464a-af52-e63cd7c98f41"
          ],
          "pending": [],
          "skipped": [],
          "duration": 12430,
          "root": false,
          "rootEmpty": false,
          "_timeout": 2000
        },
        {
          "uuid": "7b951284-c739-4cc7-a4f1-c5c72766e916",
          "title": "Navegación",
          "fullFile": "",
          "file": "",
          "beforeHooks": [],
          "afterHooks": [],
          "tests": [
            {
              "title": "UI-06: Navbar contiene enlaces principales",
              "fullTitle": "Navegación UI-06: Navbar contiene enlaces principales",
              "timedOut": null,
              "duration": 131,
              "state": "passed",
              "speed": "fast",
              "pass": true,
              "fail": false,
              "pending": false,
              "context": null,
              "code": "cy.visit('/');\ncy.get('nav, header').should('be.visible');\n// Verificar que existen botones/links de navegación\ncy.get('a, button').should('have.length.greaterThan', 0);",
              "err": {},
              "uuid": "215cd6a3-01cb-4128-bfff-9cb37533010b",
              "parentUUID": "7b951284-c739-4cc7-a4f1-c5c72766e916",
              "isHook": false,
              "skipped": false
            },
            {
              "title": "UI-07: Link a contacto funciona",
              "fullTitle": "Navegación UI-07: Link a contacto funciona",
              "timedOut": null,
              "duration": 267,
              "state": "passed",
              "speed": "fast",
              "pass": true,
              "fail": false,
              "pending": false,
              "context": null,
              "code": "cy.visit('/');\ncy.contains('Contacto', {\n  matchCase: false\n}).click();\ncy.url().should('include', '/contacto');",
              "err": {},
              "uuid": "bb95486e-0b2f-4ad0-9f88-4a4e9e41f28f",
              "parentUUID": "7b951284-c739-4cc7-a4f1-c5c72766e916",
              "isHook": false,
              "skipped": false
            },
            {
              "title": "UI-08: Link a blog funciona",
              "fullTitle": "Navegación UI-08: Link a blog funciona",
              "timedOut": null,
              "duration": 87,
              "state": "passed",
              "speed": "fast",
              "pass": true,
              "fail": false,
              "pending": false,
              "context": null,
              "code": "cy.visit('/blog');\ncy.url().should('include', '/blog');",
              "err": {},
              "uuid": "b04ad4c4-18b9-4513-948b-6a2abfe03448",
              "parentUUID": "7b951284-c739-4cc7-a4f1-c5c72766e916",
              "isHook": false,
              "skipped": false
            }
          ],
          "suites": [],
          "passes": [
            "215cd6a3-01cb-4128-bfff-9cb37533010b",
            "bb95486e-0b2f-4ad0-9f88-4a4e9e41f28f",
            "b04ad4c4-18b9-4513-948b-6a2abfe03448"
          ],
          "failures": [],
          "pending": [],
          "skipped": [],
          "duration": 485,
          "root": false,
          "rootEmpty": false,
          "_timeout": 2000
        }
      ],
      "passes": [],
      "failures": [],
      "pending": [],
      "skipped": [],
      "duration": 0,
      "root": true,
      "rootEmpty": true,
      "_timeout": 2000
    }
  ],
  "meta": {
    "mocha": {
      "version": "7.0.1"
    },
    "mochawesome": {
      "options": {
        "quiet": false,
        "reportFilename": "mochawesome",
        "saveHtml": true,
        "saveJson": true,
        "consoleReporter": "spec",
        "useInlineDiffs": false,
        "code": true
      },
      "version": "7.1.4"
    },
    "marge": {
      "options": {
        "reportDir": "cypress/reports",
        "overwrite": false,
        "html": true,
        "json": true,
        "charts": true,
        "reportPageTitle": "Reporte de Pruebas E2E - JiovaniGo",
        "embeddedScreenshots": true,
        "inlineAssets": true
      },
      "version": "6.3.2"
    }
  }
}